<?xml version="1.0" encoding="UTF-8"?>
<!-- Generated by org.testng.reporters.JUnitXMLReporter -->
<testsuite hostname="Murodjons-MBP.fios-router.home" ignored="0" name="Command line test" tests="12" failures="1" timestamp="25 Aug 2019 02:40:11 GMT" time="85.229" errors="0">
  <testcase name="clickOnNewContactLink" time="0.943" classname="com.crm.qa.testcases.NewContactsPageTest"/>
  <testcase name="fillUpTheInformation" time="20.996" classname="com.crm.qa.testcases.NewContactsPageTest">
    <failure type="org.openqa.selenium.NoSuchFrameException" message="No frame element found by name or id mainpanel
Build info: version: &amp;apos;3.14.0&amp;apos;, revision: &amp;apos;aacccce0&amp;apos;, time: &amp;apos;2018-08-02T20:19:58.91Z&amp;apos;
System info: host: &amp;apos;Murodjons-MBP.fios-router.home&amp;apos;, ip: &amp;apos;fe80:0:0:0:491:cbc3:fd83:d008%en0&amp;apos;, os.name: &amp;apos;Mac OS X&amp;apos;, os.arch: &amp;apos;x86_64&amp;apos;, os.version: &amp;apos;10.14.6&amp;apos;, java.version: &amp;apos;1.8.0_191&amp;apos;
Driver info: driver.version: unknown">
      <![CDATA[org.openqa.selenium.NoSuchFrameException: No frame element found by name or id mainpanel
Build info: version: '3.14.0', revision: 'aacccce0', time: '2018-08-02T20:19:58.91Z'
System info: host: 'Murodjons-MBP.fios-router.home', ip: 'fe80:0:0:0:491:cbc3:fd83:d008%en0', os.name: 'Mac OS X', os.arch: 'x86_64', os.version: '10.14.6', java.version: '1.8.0_191'
Driver info: driver.version: unknown
	at org.openqa.selenium.remote.RemoteWebDriver$RemoteTargetLocator.frame(RemoteWebDriver.java:881)
	at com.crm.qa.util.TestUtil.switchToFrame(TestUtil.java:12)
	at com.crm.qa.testcases.NewContactsPageTest.fillUpTheInformation(NewContactsPageTest.java:48)
... Removed 35 stack frames]]>
    </failure>
  </testcase> <!-- fillUpTheInformation -->
  <testcase name="verifyContactsPageLabel" time="0.038" classname="com.crm.qa.testcases.ContactPageTest"/>
  <testcase name="verifyHomePageTitleTest" time="0.004" classname="com.crm.qa.testcases.HomePageTest"/>
  <testcase name="loginPageTitleTest" time="0.049" classname="com.crm.qa.testcases.LoginPageTest"/>
  <testcase name="selectSingleContactsLink" time="0.088" classname="com.crm.qa.testcases.ContactPageTest"/>
  <testcase name="verifyUserNameTest" time="0.064" classname="com.crm.qa.testcases.HomePageTest"/>
  <testcase name="crmLogoImageTest" time="0.1" classname="com.crm.qa.testcases.LoginPageTest"/>
  <testcase name="selectMultipleContactsLink" time="0.156" classname="com.crm.qa.testcases.ContactPageTest"/>
  <testcase name="verifyContactsLinkTest" time="0.649" classname="com.crm.qa.testcases.HomePageTest"/>
  <testcase name="loginTest" time="2.024" classname="com.crm.qa.testcases.LoginPageTest"/>
  <testcase name="verifyCalendarLinkTest" time="0.643" classname="com.crm.qa.testcases.HomePageTest"/>
</testsuite> <!-- Command line test -->
